*** Starting uWSGI 2.0.17 (64bit) on [Fri Apr  6 13:23:05 2018] ***
compiled with version: 5.4.0 20160609 on 06 April 2018 05:16:28
os: Linux-4.4.0-31-generic #50-Ubuntu SMP Wed Jul 13 00:07:12 UTC 2016
nodename: ubuntu
machine: x86_64
clock source: unix
pcre jit disabled
detected number of CPU cores: 2
current working directory: /home/python/study/dailyfresh
writing pidfile to uwsgi.pid
detected binary path: /usr/local/bin/uwsgi
chdir() to /home/python/study/dailyfresh
your processes number limit is 11807
your memory page size is 4096 bytes
detected max file descriptor number: 1048576
lock engine: pthread robust mutexes
thunder lock: disabled (you can enable it with --thunder-lock)
uWSGI http bound on 127.0.0.1:8080 fd 4
uwsgi socket 0 bound to TCP address 127.0.0.1:34850 (port auto-assigned) fd 3
Python version: 2.7.12 (default, Nov 20 2017, 18:23:56)  [GCC 5.4.0 20160609]
Set PythonHome to /home/python/.virtualenvs/django_py3
ImportError: No module named site
*** Starting uWSGI 2.0.17 (64bit) on [Fri Apr  6 13:24:38 2018] ***
compiled with version: 5.4.0 20160609 on 06 April 2018 05:16:28
os: Linux-4.4.0-31-generic #50-Ubuntu SMP Wed Jul 13 00:07:12 UTC 2016
nodename: ubuntu
machine: x86_64
clock source: unix
pcre jit disabled
detected number of CPU cores: 2
current working directory: /home/python/study/dailyfresh
writing pidfile to uwsgi.pid
detected binary path: /usr/local/bin/uwsgi
chdir() to /home/python/study/dailyfresh
your processes number limit is 11807
your memory page size is 4096 bytes
detected max file descriptor number: 1048576
lock engine: pthread robust mutexes
thunder lock: disabled (you can enable it with --thunder-lock)
uWSGI http bound on 127.0.0.1:8080 fd 4
uwsgi socket 0 bound to TCP address 127.0.0.1:34110 (port auto-assigned) fd 3
Python version: 2.7.12 (default, Nov 20 2017, 18:23:56)  [GCC 5.4.0 20160609]
Set PythonHome to /home/python/.virtualenvs/django_py3
ImportError: No module named site
*** Starting uWSGI 2.0.17 (64bit) on [Fri Apr  6 13:29:53 2018] ***
compiled with version: 5.4.0 20160609 on 06 April 2018 05:16:28
os: Linux-4.4.0-31-generic #50-Ubuntu SMP Wed Jul 13 00:07:12 UTC 2016
nodename: ubuntu
machine: x86_64
clock source: unix
pcre jit disabled
detected number of CPU cores: 2
current working directory: /home/python/study/dailyfresh
writing pidfile to uwsgi.pid
detected binary path: /usr/local/bin/uwsgi
chdir() to /home/python/study/dailyfresh
your processes number limit is 11807
your memory page size is 4096 bytes
detected max file descriptor number: 1048576
lock engine: pthread robust mutexes
thunder lock: disabled (you can enable it with --thunder-lock)
uWSGI http bound on 127.0.0.1:8080 fd 4
uwsgi socket 0 bound to TCP address 127.0.0.1:42638 (port auto-assigned) fd 3
Python version: 2.7.12 (default, Nov 20 2017, 18:23:56)  [GCC 5.4.0 20160609]
Set PythonHome to /home/python/.virtualenvs/django_py3
ImportError: No module named site
*** Starting uWSGI 2.0.17 (64bit) on [Fri Apr  6 13:32:15 2018] ***
compiled with version: 5.4.0 20160609 on 06 April 2018 05:16:28
os: Linux-4.4.0-31-generic #50-Ubuntu SMP Wed Jul 13 00:07:12 UTC 2016
nodename: ubuntu
machine: x86_64
clock source: unix
pcre jit disabled
detected number of CPU cores: 2
current working directory: /home/python/study/dailyfresh
writing pidfile to uwsgi.pid
detected binary path: /usr/local/bin/uwsgi
uWSGI running as root, you can use --uid/--gid/--chroot options
*** WARNING: you are running uWSGI as root !!! (use the --uid flag) *** 
chdir() to /home/python/study/dailyfresh
your processes number limit is 11807
your memory page size is 4096 bytes
detected max file descriptor number: 1048576
lock engine: pthread robust mutexes
thunder lock: disabled (you can enable it with --thunder-lock)
uWSGI http bound on 127.0.0.1:8080 fd 4
uwsgi socket 0 bound to TCP address 127.0.0.1:34587 (port auto-assigned) fd 3
uWSGI running as root, you can use --uid/--gid/--chroot options
*** WARNING: you are running uWSGI as root !!! (use the --uid flag) *** 
Python version: 2.7.12 (default, Nov 20 2017, 18:23:56)  [GCC 5.4.0 20160609]
Set PythonHome to /home/python/.virtualenvs/django_py3
ImportError: No module named site
*** Starting uWSGI 2.0.17 (64bit) on [Fri Apr  6 13:32:52 2018] ***
compiled with version: 5.4.0 20160609 on 06 April 2018 05:16:28
os: Linux-4.4.0-31-generic #50-Ubuntu SMP Wed Jul 13 00:07:12 UTC 2016
nodename: ubuntu
machine: x86_64
clock source: unix
pcre jit disabled
detected number of CPU cores: 2
current working directory: /home/python/study/dailyfresh
writing pidfile to uwsgi.pid
detected binary path: /usr/local/bin/uwsgi
uWSGI running as root, you can use --uid/--gid/--chroot options
*** WARNING: you are running uWSGI as root !!! (use the --uid flag) *** 
chdir() to /home/python/study/dailyfresh
your processes number limit is 11807
your memory page size is 4096 bytes
detected max file descriptor number: 1048576
lock engine: pthread robust mutexes
thunder lock: disabled (you can enable it with --thunder-lock)
uWSGI http bound on 127.0.0.1:8080 fd 4
uwsgi socket 0 bound to TCP address 127.0.0.1:40529 (port auto-assigned) fd 3
uWSGI running as root, you can use --uid/--gid/--chroot options
*** WARNING: you are running uWSGI as root !!! (use the --uid flag) *** 
Python version: 2.7.12 (default, Nov 20 2017, 18:23:56)  [GCC 5.4.0 20160609]
Set PythonHome to /home/python/.virtualenvs/django_py3
ImportError: No module named site
